Looking in indexes: https://download.pytorch.org/whl/cu118
Requirement already satisfied: torch in ./env/lib/python3.12/site-packages (2.12.0)
Requirement already satisfied: torchvision in ./env/lib/python3.12/site-packages (0.27.0)
Requirement already satisfied: torchaudio in ./env/lib/python3.12/site-packages (2.11.0)
Requirement already satisfied: filelock in ./env/lib/python3.12/site-packages (from torch) (3.29.4)
Requirement already satisfied: typing-extensions>=4.10.0 in ./env/lib/python3.12/site-packages (from torch) (4.15.0)
Requirement already satisfied: setuptools<82 in ./env/lib/python3.12/site-packages (from torch) (81.0.0)
Requirement already satisfied: sympy>=1.13.3 in ./env/lib/python3.12/site-packages (from torch) (1.14.0)
Requirement already satisfied: networkx>=2.5.1 in ./env/lib/python3.12/site-packages (from torch) (3.6.1)
Requirement already satisfied: jinja2 in ./env/lib/python3.12/site-packages (from torch) (3.1.6)
Requirement already satisfied: fsspec>=0.8.5 in ./env/lib/python3.12/site-packages (from torch) (2026.6.0)
Requirement already satisfied: cuda-toolkit==13.0.2 in ./env/lib/python3.12/site-packages (from cuda-toolkit[cudart,cufft,cufile,cupti,curand,cusolver,cusparse,nvjitlink,nvrtc,nvtx]==13.0.2; platform_system == "Linux"->torch) (13.0.2)
Requirement already satisfied: nvidia-cublas<=13.1.1.3,>=13.1.0.3 in ./env/lib/python3.12/site-packages (from torch) (13.1.1.3)
Requirement already satisfied: cuda-bindings<14,>=13.0.3 in ./env/lib/python3.12/site-packages (from torch) (13.3.1)
Requirement already satisfied: nvidia-cudnn-cu13==9.20.0.48 in ./env/lib/python3.12/site-packages (from torch) (9.20.0.48)
Requirement already satisfied: nvidia-cusparselt-cu13==0.8.1 in ./env/lib/python3.12/site-packages (from torch) (0.8.1)
Requirement already satisfied: nvidia-nccl-cu13==2.29.7 in ./env/lib/python3.12/site-packages (from torch) (2.29.7)
Requirement already satisfied: nvidia-nvshmem-cu13==3.4.5 in ./env/lib/python3.12/site-packages (from torch) (3.4.5)
Requirement already satisfied: triton==3.7.0 in ./env/lib/python3.12/site-packages (from torch) (3.7.0)
Requirement already satisfied: nvidia-cuda-runtime==13.0.96.* in ./env/lib/python3.12/site-packages (from cuda-toolkit[cudart,cufft,cufile,cupti,curand,cusolver,cusparse,nvjitlink,nvrtc,nvtx]==13.0.2; platform_system == "Linux"->torch) (13.0.96)
Requirement already satisfied: nvidia-cufft==12.0.0.61.* in ./env/lib/python3.12/site-packages (from cuda-toolkit[cudart,cufft,cufile,cupti,curand,cusolver,cusparse,nvjitlink,nvrtc,nvtx]==13.0.2; platform_system == "Linux"->torch) (12.0.0.61)
Requirement already satisfied: nvidia-cufile==1.15.1.6.* in ./env/lib/python3.12/site-packages (from cuda-toolkit[cudart,cufft,cufile,cupti,curand,cusolver,cusparse,nvjitlink,nvrtc,nvtx]==13.0.2; platform_system == "Linux"->torch) (1.15.1.6)
Requirement already satisfied: nvidia-cuda-cupti==13.0.85.* in ./env/lib/python3.12/site-packages (from cuda-toolkit[cudart,cufft,cufile,cupti,curand,cusolver,cusparse,nvjitlink,nvrtc,nvtx]==13.0.2; platform_system == "Linux"->torch) (13.0.85)
Requirement already satisfied: nvidia-curand==10.4.0.35.* in ./env/lib/python3.12/site-packages (from cuda-toolkit[cudart,cufft,cufile,cupti,curand,cusolver,cusparse,nvjitlink,nvrtc,nvtx]==13.0.2; platform_system == "Linux"->torch) (10.4.0.35)
Requirement already satisfied: nvidia-cusolver==12.0.4.66.* in ./env/lib/python3.12/site-packages (from cuda-toolkit[cudart,cufft,cufile,cupti,curand,cusolver,cusparse,nvjitlink,nvrtc,nvtx]==13.0.2; platform_system == "Linux"->torch) (12.0.4.66)
Requirement already satisfied: nvidia-cusparse==12.6.3.3.* in ./env/lib/python3.12/site-packages (from cuda-toolkit[cudart,cufft,cufile,cupti,curand,cusolver,cusparse,nvjitlink,nvrtc,nvtx]==13.0.2; platform_system == "Linux"->torch) (12.6.3.3)
Requirement already satisfied: nvidia-nvjitlink==13.0.88.* in ./env/lib/python3.12/site-packages (from cuda-toolkit[cudart,cufft,cufile,cupti,curand,cusolver,cusparse,nvjitlink,nvrtc,nvtx]==13.0.2; platform_system == "Linux"->torch) (13.0.88)
Requirement already satisfied: nvidia-cuda-nvrtc==13.0.88.* in ./env/lib/python3.12/site-packages (from cuda-toolkit[cudart,cufft,cufile,cupti,curand,cusolver,cusparse,nvjitlink,nvrtc,nvtx]==13.0.2; platform_system == "Linux"->torch) (13.0.88)
Requirement already satisfied: nvidia-nvtx==13.0.85.* in ./env/lib/python3.12/site-packages (from cuda-toolkit[cudart,cufft,cufile,cupti,curand,cusolver,cusparse,nvjitlink,nvrtc,nvtx]==13.0.2; platform_system == "Linux"->torch) (13.0.85)
Requirement already satisfied: numpy in ./env/lib/python3.12/site-packages (from torchvision) (2.4.6)
Requirement already satisfied: pillow!=8.3.*,>=5.3.0 in ./env/lib/python3.12/site-packages (from torchvision) (12.2.0)
Requirement already satisfied: cuda-pathfinder>=1.4.2 in ./env/lib/python3.12/site-packages (from cuda-bindings<14,>=13.0.3->torch) (1.5.5)
Requirement already satisfied: mpmath<1.4,>=1.1.0 in ./env/lib/python3.12/site-packages (from sympy>=1.13.3->torch) (1.3.0)
Requirement already satisfied: MarkupSafe>=2.0 in ./env/lib/python3.12/site-packages (from jinja2->torch) (3.0.3)

[notice] A new release of pip is available: 24.3.1 -> 26.1.2
[notice] To update, run: pip install --upgrade pip
Warning: You are sending unauthenticated requests to the HF Hub. Please set a HF_TOKEN to enable higher rate limits and faster downloads.
GPU Detected: NVIDIA RTX A5000
Loading Google OWLv2 Zero-Shot Detector... (Native Hugging Face Pipeline)
Loading weights:   0%|          | 0/418 [00:00<?, ?it/s]Loading weights:  47%|████▋     | 198/418 [00:00<00:00, 1962.82it/s]Loading weights:  96%|█████████▌| 401/418 [00:00<00:00, 1968.68it/s]Loading weights: 100%|██████████| 418/418 [00:00<00:00, 1996.09it/s]
[transformers] You seem to be using the pipelines sequentially on GPU. In order to maximize efficiency please use a dataset
Starting batch CBM extraction on 2016 images...
Processed 10/2016 images...
Processed 20/2016 images...
Processed 30/2016 images...
Processed 40/2016 images...
Processed 50/2016 images...
Processed 60/2016 images...
Processed 70/2016 images...
Processed 80/2016 images...
Processed 90/2016 images...
Processed 100/2016 images...
Processed 110/2016 images...
Processed 120/2016 images...
Processed 130/2016 images...
Processed 140/2016 images...
Processed 150/2016 images...
Processed 160/2016 images...
Processed 170/2016 images...
Processed 180/2016 images...
Processed 190/2016 images...
Processed 200/2016 images...
Processed 210/2016 images...
Processed 220/2016 images...
Processed 230/2016 images...
Processed 240/2016 images...
Processed 250/2016 images...
Processed 260/2016 images...
Processed 270/2016 images...
Processed 280/2016 images...
Processed 290/2016 images...
Processed 300/2016 images...
Processed 310/2016 images...
Processed 320/2016 images...
Processed 330/2016 images...
Processed 340/2016 images...
Processed 350/2016 images...
Processed 360/2016 images...
Processed 370/2016 images...
Processed 380/2016 images...
Processed 390/2016 images...
Processed 400/2016 images...
Processed 410/2016 images...
Processed 420/2016 images...
Processed 430/2016 images...
Processed 440/2016 images...
Processed 450/2016 images...
Processed 460/2016 images...
Processed 470/2016 images...
Processed 480/2016 images...
Processed 490/2016 images...
Processed 500/2016 images...
Processed 510/2016 images...
Processed 520/2016 images...
Processed 530/2016 images...
Processed 540/2016 images...
Processed 550/2016 images...
Processed 560/2016 images...
Processed 570/2016 images...
Processed 580/2016 images...
Processed 590/2016 images...
Processed 600/2016 images...
Processed 610/2016 images...
Processed 620/2016 images...
Processed 630/2016 images...
Processed 640/2016 images...
Processed 650/2016 images...
Processed 660/2016 images...
Processed 670/2016 images...
Processed 680/2016 images...
Processed 690/2016 images...
Processed 700/2016 images...
Processed 710/2016 images...
Processed 720/2016 images...
Processed 730/2016 images...
Processed 740/2016 images...
Processed 750/2016 images...
Processed 760/2016 images...
Processed 770/2016 images...
Processed 780/2016 images...
Processed 790/2016 images...
Processed 800/2016 images...
Processed 810/2016 images...
Processed 820/2016 images...
Processed 830/2016 images...
Processed 840/2016 images...
Processed 850/2016 images...
Processed 860/2016 images...
Processed 870/2016 images...
Processed 880/2016 images...
Processed 890/2016 images...
Processed 900/2016 images...
Processed 910/2016 images...
Processed 920/2016 images...
Processed 930/2016 images...
Processed 940/2016 images...
Processed 950/2016 images...
Processed 960/2016 images...
Processed 970/2016 images...
Processed 980/2016 images...
Processed 990/2016 images...
Processed 1000/2016 images...
Processed 1010/2016 images...
Processed 1020/2016 images...
Processed 1030/2016 images...
Processed 1040/2016 images...
Processed 1050/2016 images...
Processed 1060/2016 images...
Processed 1070/2016 images...
Processed 1080/2016 images...
Processed 1090/2016 images...
Processed 1100/2016 images...
Processed 1110/2016 images...
Processed 1120/2016 images...
Processed 1130/2016 images...
Processed 1140/2016 images...
Processed 1150/2016 images...
Processed 1160/2016 images...
Processed 1170/2016 images...
Processed 1180/2016 images...
Processed 1190/2016 images...
Processed 1200/2016 images...
Processed 1210/2016 images...
Processed 1220/2016 images...
Processed 1230/2016 images...
Processed 1240/2016 images...
Processed 1250/2016 images...
Processed 1260/2016 images...
Processed 1270/2016 images...
Processed 1280/2016 images...
Processed 1290/2016 images...
Processed 1300/2016 images...
Processed 1310/2016 images...
Processed 1320/2016 images...
Processed 1330/2016 images...
Processed 1340/2016 images...
Processed 1350/2016 images...
Processed 1360/2016 images...
Processed 1370/2016 images...
Processed 1380/2016 images...
Processed 1390/2016 images...
Processed 1400/2016 images...
Processed 1410/2016 images...
Processed 1420/2016 images...
Processed 1430/2016 images...
Processed 1440/2016 images...
Processed 1450/2016 images...
Processed 1460/2016 images...
Processed 1470/2016 images...
Processed 1480/2016 images...
Processed 1490/2016 images...
Processed 1500/2016 images...
Processed 1510/2016 images...
Processed 1520/2016 images...
Processed 1530/2016 images...
Processed 1540/2016 images...
Processed 1550/2016 images...
Processed 1560/2016 images...
Processed 1570/2016 images...
Processed 1580/2016 images...
Processed 1590/2016 images...
Processed 1600/2016 images...
Processed 1610/2016 images...
Processed 1620/2016 images...
Processed 1630/2016 images...
Processed 1640/2016 images...
Processed 1650/2016 images...
Processed 1660/2016 images...
Processed 1670/2016 images...
Processed 1680/2016 images...
Processed 1690/2016 images...
Processed 1700/2016 images...
Processed 1710/2016 images...
Processed 1720/2016 images...
Processed 1730/2016 images...
Processed 1740/2016 images...
Processed 1750/2016 images...
Processed 1760/2016 images...
Processed 1770/2016 images...
Processed 1780/2016 images...
Processed 1790/2016 images...
Processed 1800/2016 images...
Processed 1810/2016 images...
Processed 1820/2016 images...
Processed 1830/2016 images...
Processed 1840/2016 images...
Processed 1850/2016 images...
Processed 1860/2016 images...
Processed 1870/2016 images...
Processed 1880/2016 images...
Processed 1890/2016 images...
Processed 1900/2016 images...
Processed 1910/2016 images...
Processed 1920/2016 images...
Processed 1930/2016 images...
Processed 1940/2016 images...
Processed 1950/2016 images...
Processed 1960/2016 images...
Processed 1970/2016 images...
Processed 1980/2016 images...
Processed 1990/2016 images...
Processed 2000/2016 images...
Processed 2010/2016 images...

SUCCESS: Batch inference complete!
-> Annotated interpretability images saved to: ./data/cbm_batch_results/visualizations
-> Raw data log saved to: ./data/cbm_batch_results/cbm_detections_log.csv
-> Professor's Proof Chart saved to: ./data/cbm_batch_results/professor_proof_chart.png
